[08:10:30] [main/INFO] [GradleStart]: Extra: []
[08:10:30] [main/INFO] [GradleStart]: Running with arguments: [--tweakClass, cpw.mods.fml.common.launcher.FMLServerTweaker, --tweakClass, net.minecraftforge.gradle.tweakers.CoremodTweaker]
[08:10:30] [main/INFO] [LaunchWrapper]: Loading tweak class name cpw.mods.fml.common.launcher.FMLServerTweaker
[08:10:30] [main/INFO] [LaunchWrapper]: Using primary tweak class name cpw.mods.fml.common.launcher.FMLServerTweaker
[08:10:30] [main/INFO] [LaunchWrapper]: Loading tweak class name net.minecraftforge.gradle.tweakers.CoremodTweaker
[08:10:30] [main/INFO] [LaunchWrapper]: Calling tweak class cpw.mods.fml.common.launcher.FMLServerTweaker
[08:13:27] [main/INFO] [GradleStart]: Extra: [disableFingerprintChecking]
[08:13:27] [main/INFO] [GradleStart]: Running with arguments: [--tweakClass, cpw.mods.fml.common.launcher.FMLServerTweaker, disableFingerprintChecking, --tweakClass, net.minecraftforge.gradle.tweakers.CoremodTweaker]
[08:13:27] [main/INFO] [LaunchWrapper]: Loading tweak class name cpw.mods.fml.common.launcher.FMLServerTweaker
[08:13:27] [main/INFO] [LaunchWrapper]: Using primary tweak class name cpw.mods.fml.common.launcher.FMLServerTweaker
[08:13:27] [main/INFO] [LaunchWrapper]: Loading tweak class name net.minecraftforge.gradle.tweakers.CoremodTweaker
[08:13:27] [main/INFO] [LaunchWrapper]: Calling tweak class cpw.mods.fml.common.launcher.FMLServerTweaker
[08:15:13] [main/INFO] [GradleStart]: assetsDir: build/assets
[08:15:13] [main/INFO] [GradleStart]: accessToken: FAKE
[08:15:13] [main/INFO] [GradleStart]: version: 1.7.10
[08:15:13] [main/INFO] [GradleStart]: Extra: [--tweakClass, cpw.mods.fml.common.launcher.FMLClientHandler]
[08:21:11] [main/INFO] [GradleStart]: assetsDir: build/assets
[08:21:11] [main/INFO] [GradleStart]: accessToken: FAKE
[08:21:11] [main/INFO] [GradleStart]: version: 1.7.10
[08:21:11] [main/INFO] [GradleStart]: Extra: [--tweakClass, cpw.mods.fml.common.launcher.FMLClientHandler]
[08:26:30] [main/INFO] [GradleStart]: assetsDir: build/assets
[08:26:30] [main/INFO] [GradleStart]: accessToken: FAKE
[08:26:30] [main/INFO] [GradleStart]: version: 1.7.10
[08:26:30] [main/INFO] [GradleStart]: Extra: [--tweakClass, cpw.mods.fml.common.launcher.FMLClientHandler]
[08:29:14] [main/INFO] [GradleStart]: assetsDir: D:\minecoding_1.7.10_all_mods\minecoding_ea_addon\build\assets
[08:29:14] [main/INFO] [GradleStart]: accessToken: FAKE
[08:29:14] [main/INFO] [GradleStart]: version: 1.7.10
[08:29:14] [main/INFO] [GradleStart]: Extra: [--tweakClass, cpw.mods.fml.common.launcher.FMLClientHandler]
[08:29:14] [main/INFO] [GradleStart]: Running with arguments: [--userProperties, {}, --assetsDir, D:\minecoding_1.7.10_all_mods\minecoding_ea_addon\build\assets, --assetIndex, 1.7.10, --accessToken, {REDACTED}, --version, 1.7.10, --tweakClass, cpw.mods.fml.common.launcher.FMLTweaker, --tweakClass, cpw.mods.fml.common.launcher.FMLClientHandler, --tweakClass, net.minecraftforge.gradle.tweakers.CoremodTweaker]
[08:29:14] [main/INFO] [LaunchWrapper]: Loading tweak class name cpw.mods.fml.common.launcher.FMLTweaker
[08:29:14] [main/INFO] [LaunchWrapper]: Using primary tweak class name cpw.mods.fml.common.launcher.FMLTweaker
[08:29:14] [main/INFO] [LaunchWrapper]: Loading tweak class name cpw.mods.fml.common.launcher.FMLClientHandler
[08:29:14] [main/ERROR] [LaunchWrapper]: Unable to launch
java.lang.ClassNotFoundException: cpw.mods.fml.common.launcher.FMLClientHandler
	at java.net.URLClassLoader.findClass(URLClassLoader.java:387) ~[?:1.8.0_421]
	at java.lang.ClassLoader.loadClass(ClassLoader.java:418) ~[?:1.8.0_421]
	at sun.misc.Launcher$AppClassLoader.loadClass(Launcher.java:359) ~[?:1.8.0_421]
	at java.lang.ClassLoader.loadClass(ClassLoader.java:351) ~[?:1.8.0_421]
	at net.minecraft.launchwrapper.LaunchClassLoader.findClass(LaunchClassLoader.java:106) ~[launchwrapper-1.12.jar:?]
	at java.lang.ClassLoader.loadClass(ClassLoader.java:418) ~[?:1.8.0_421]
	at java.lang.ClassLoader.loadClass(ClassLoader.java:351) ~[?:1.8.0_421]
	at java.lang.Class.forName0(Native Method) ~[?:1.8.0_421]
	at java.lang.Class.forName(Class.java:348) ~[?:1.8.0_421]
	at net.minecraft.launchwrapper.Launch.launch(Launch.java:98) [launchwrapper-1.12.jar:?]
	at net.minecraft.launchwrapper.Launch.main(Launch.java:28) [launchwrapper-1.12.jar:?]
	at net.minecraftforge.gradle.GradleStartCommon.launch(Unknown Source) [start/:?]
	at GradleStart.main(Unknown Source) [start/:?]
[08:31:30] [main/INFO] [GradleStart]: assetsDir: D:\minecoding_1.7.10_all_mods\minecoding_ea_addon\build\assets
[08:31:30] [main/INFO] [GradleStart]: accessToken: FAKE
[08:31:30] [main/INFO] [GradleStart]: version: 1.7.10
[08:31:30] [main/INFO] [GradleStart]: Extra: [--tweakClass, cpw.mods.fml.common.launcher.FMLClientHandler]
[08:31:30] [main/INFO] [GradleStart]: Running with arguments: [--userProperties, {}, --assetsDir, D:\minecoding_1.7.10_all_mods\minecoding_ea_addon\build\assets, --assetIndex, 1.7.10, --accessToken, {REDACTED}, --version, 1.7.10, --tweakClass, cpw.mods.fml.common.launcher.FMLTweaker, --tweakClass, cpw.mods.fml.common.launcher.FMLClientHandler, --tweakClass, net.minecraftforge.gradle.tweakers.CoremodTweaker]
[08:31:30] [main/INFO] [LaunchWrapper]: Loading tweak class name cpw.mods.fml.common.launcher.FMLTweaker
[08:31:30] [main/INFO] [LaunchWrapper]: Using primary tweak class name cpw.mods.fml.common.launcher.FMLTweaker
[08:31:30] [main/INFO] [LaunchWrapper]: Loading tweak class name cpw.mods.fml.common.launcher.FMLClientHandler
[08:31:30] [main/ERROR] [LaunchWrapper]: Unable to launch
java.lang.ClassNotFoundException: cpw.mods.fml.common.launcher.FMLClientHandler
	at java.net.URLClassLoader.findClass(URLClassLoader.java:387) ~[?:1.8.0_421]
	at java.lang.ClassLoader.loadClass(ClassLoader.java:418) ~[?:1.8.0_421]
	at sun.misc.Launcher$AppClassLoader.loadClass(Launcher.java:359) ~[?:1.8.0_421]
	at java.lang.ClassLoader.loadClass(ClassLoader.java:351) ~[?:1.8.0_421]
	at net.minecraft.launchwrapper.LaunchClassLoader.findClass(LaunchClassLoader.java:106) ~[launchwrapper-1.12.jar:?]
	at java.lang.ClassLoader.loadClass(ClassLoader.java:418) ~[?:1.8.0_421]
	at java.lang.ClassLoader.loadClass(ClassLoader.java:351) ~[?:1.8.0_421]
	at java.lang.Class.forName0(Native Method) ~[?:1.8.0_421]
	at java.lang.Class.forName(Class.java:348) ~[?:1.8.0_421]
	at net.minecraft.launchwrapper.Launch.launch(Launch.java:98) [launchwrapper-1.12.jar:?]
	at net.minecraft.launchwrapper.Launch.main(Launch.java:28) [launchwrapper-1.12.jar:?]
	at net.minecraftforge.gradle.GradleStartCommon.launch(Unknown Source) [start/:?]
	at GradleStart.main(Unknown Source) [start/:?]
[08:31:41] [main/INFO] [GradleStart]: assetsDir: D:\minecoding_1.7.10_all_mods\minecoding_ea_addon\build\assets
[08:31:41] [main/INFO] [GradleStart]: accessToken: FAKE
[08:31:41] [main/INFO] [GradleStart]: version: 1.7.10
[08:31:41] [main/INFO] [GradleStart]: Extra: [--tweakClass, cpw.mods.fml.common.launcher.FMLClientHandler]
[08:31:41] [main/INFO] [GradleStart]: Running with arguments: [--userProperties, {}, --assetsDir, D:\minecoding_1.7.10_all_mods\minecoding_ea_addon\build\assets, --assetIndex, 1.7.10, --accessToken, {REDACTED}, --version, 1.7.10, --tweakClass, cpw.mods.fml.common.launcher.FMLTweaker, --tweakClass, cpw.mods.fml.common.launcher.FMLClientHandler, --tweakClass, net.minecraftforge.gradle.tweakers.CoremodTweaker]
[08:31:41] [main/INFO] [LaunchWrapper]: Loading tweak class name cpw.mods.fml.common.launcher.FMLTweaker
[08:31:41] [main/INFO] [LaunchWrapper]: Using primary tweak class name cpw.mods.fml.common.launcher.FMLTweaker
[08:31:41] [main/INFO] [LaunchWrapper]: Loading tweak class name cpw.mods.fml.common.launcher.FMLClientHandler
[08:31:41] [main/ERROR] [LaunchWrapper]: Unable to launch
java.lang.ClassNotFoundException: cpw.mods.fml.common.launcher.FMLClientHandler
	at java.net.URLClassLoader.findClass(URLClassLoader.java:387) ~[?:1.8.0_421]
	at java.lang.ClassLoader.loadClass(ClassLoader.java:418) ~[?:1.8.0_421]
	at sun.misc.Launcher$AppClassLoader.loadClass(Launcher.java:359) ~[?:1.8.0_421]
	at java.lang.ClassLoader.loadClass(ClassLoader.java:351) ~[?:1.8.0_421]
	at net.minecraft.launchwrapper.LaunchClassLoader.findClass(LaunchClassLoader.java:106) ~[launchwrapper-1.12.jar:?]
	at java.lang.ClassLoader.loadClass(ClassLoader.java:418) ~[?:1.8.0_421]
	at java.lang.ClassLoader.loadClass(ClassLoader.java:351) ~[?:1.8.0_421]
	at java.lang.Class.forName0(Native Method) ~[?:1.8.0_421]
	at java.lang.Class.forName(Class.java:348) ~[?:1.8.0_421]
	at net.minecraft.launchwrapper.Launch.launch(Launch.java:98) [launchwrapper-1.12.jar:?]
	at net.minecraft.launchwrapper.Launch.main(Launch.java:28) [launchwrapper-1.12.jar:?]
	at net.minecraftforge.gradle.GradleStartCommon.launch(Unknown Source) [start/:?]
	at GradleStart.main(Unknown Source) [start/:?]
[08:32:43] [main/INFO] [GradleStart]: assetsDir: D:\minecoding_1.7.10_all_mods\minecoding_ea_addon\build\assets
[08:32:43] [main/INFO] [GradleStart]: accessToken: FAKE
[08:32:43] [main/INFO] [GradleStart]: version: 1.7.10
[08:32:43] [main/INFO] [GradleStart]: Extra: [--tweakClass, cpw.mods.fml.common.launcher.FMLClientHandler]
[08:32:43] [main/INFO] [GradleStart]: Running with arguments: [--userProperties, {}, --assetsDir, D:\minecoding_1.7.10_all_mods\minecoding_ea_addon\build\assets, --assetIndex, 1.7.10, --accessToken, {REDACTED}, --version, 1.7.10, --tweakClass, cpw.mods.fml.common.launcher.FMLTweaker, --tweakClass, cpw.mods.fml.common.launcher.FMLClientHandler, --tweakClass, net.minecraftforge.gradle.tweakers.CoremodTweaker]
[08:32:43] [main/INFO] [LaunchWrapper]: Loading tweak class name cpw.mods.fml.common.launcher.FMLTweaker
[08:32:43] [main/INFO] [LaunchWrapper]: Using primary tweak class name cpw.mods.fml.common.launcher.FMLTweaker
[08:32:43] [main/INFO] [LaunchWrapper]: Loading tweak class name cpw.mods.fml.common.launcher.FMLClientHandler
[08:32:43] [main/ERROR] [LaunchWrapper]: Unable to launch
java.lang.ClassNotFoundException: cpw.mods.fml.common.launcher.FMLClientHandler
	at java.net.URLClassLoader.findClass(URLClassLoader.java:387) ~[?:1.8.0_421]
	at java.lang.ClassLoader.loadClass(ClassLoader.java:418) ~[?:1.8.0_421]
	at sun.misc.Launcher$AppClassLoader.loadClass(Launcher.java:359) ~[?:1.8.0_421]
	at java.lang.ClassLoader.loadClass(ClassLoader.java:351) ~[?:1.8.0_421]
	at net.minecraft.launchwrapper.LaunchClassLoader.findClass(LaunchClassLoader.java:106) ~[launchwrapper-1.12.jar:?]
	at java.lang.ClassLoader.loadClass(ClassLoader.java:418) ~[?:1.8.0_421]
	at java.lang.ClassLoader.loadClass(ClassLoader.java:351) ~[?:1.8.0_421]
	at java.lang.Class.forName0(Native Method) ~[?:1.8.0_421]
	at java.lang.Class.forName(Class.java:348) ~[?:1.8.0_421]
	at net.minecraft.launchwrapper.Launch.launch(Launch.java:98) [launchwrapper-1.12.jar:?]
	at net.minecraft.launchwrapper.Launch.main(Launch.java:28) [launchwrapper-1.12.jar:?]
	at net.minecraftforge.gradle.GradleStartCommon.launch(Unknown Source) [start/:?]
	at GradleStart.main(Unknown Source) [start/:?]
[08:50:04] [main/INFO] [GradleStart]: assetsDir: D:\minecoding_1.7.10_all_mods\minecoding_ea_addon\build\assets
[08:50:04] [main/INFO] [GradleStart]: accessToken: FAKE
[08:50:04] [main/INFO] [GradleStart]: version: 1.7.10
[08:50:04] [main/INFO] [GradleStart]: Extra: [--tweakClass, cpw.mods.fml.common.launcher.FMLClientHandler]
[08:50:04] [main/INFO] [GradleStart]: Running with arguments: [--userProperties, {}, --assetsDir, D:\minecoding_1.7.10_all_mods\minecoding_ea_addon\build\assets, --assetIndex, 1.7.10, --accessToken, {REDACTED}, --version, 1.7.10, --tweakClass, cpw.mods.fml.common.launcher.FMLTweaker, --tweakClass, cpw.mods.fml.common.launcher.FMLClientHandler, --tweakClass, net.minecraftforge.gradle.tweakers.CoremodTweaker]
[08:50:04] [main/INFO] [LaunchWrapper]: Loading tweak class name cpw.mods.fml.common.launcher.FMLTweaker
[08:50:04] [main/INFO] [LaunchWrapper]: Using primary tweak class name cpw.mods.fml.common.launcher.FMLTweaker
[08:50:04] [main/INFO] [LaunchWrapper]: Loading tweak class name cpw.mods.fml.common.launcher.FMLClientHandler
[08:50:04] [main/ERROR] [LaunchWrapper]: Unable to launch
java.lang.ClassNotFoundException: cpw.mods.fml.common.launcher.FMLClientHandler
	at java.net.URLClassLoader.findClass(URLClassLoader.java:387) ~[?:1.8.0_421]
	at java.lang.ClassLoader.loadClass(ClassLoader.java:418) ~[?:1.8.0_421]
	at sun.misc.Launcher$AppClassLoader.loadClass(Launcher.java:359) ~[?:1.8.0_421]
	at java.lang.ClassLoader.loadClass(ClassLoader.java:351) ~[?:1.8.0_421]
	at net.minecraft.launchwrapper.LaunchClassLoader.findClass(LaunchClassLoader.java:106) ~[launchwrapper-1.12.jar:?]
	at java.lang.ClassLoader.loadClass(ClassLoader.java:418) ~[?:1.8.0_421]
	at java.lang.ClassLoader.loadClass(ClassLoader.java:351) ~[?:1.8.0_421]
	at java.lang.Class.forName0(Native Method) ~[?:1.8.0_421]
	at java.lang.Class.forName(Class.java:348) ~[?:1.8.0_421]
	at net.minecraft.launchwrapper.Launch.launch(Launch.java:98) [launchwrapper-1.12.jar:?]
	at net.minecraft.launchwrapper.Launch.main(Launch.java:28) [launchwrapper-1.12.jar:?]
	at net.minecraftforge.gradle.GradleStartCommon.launch(Unknown Source) [start/:?]
	at GradleStart.main(Unknown Source) [start/:?]
[08:56:57] [main/INFO] [GradleStart]: assetsDir: D:\minecoding_1.7.10_all_mods\minecoding_ea_addon\build\assets
[08:56:57] [main/INFO] [GradleStart]: accessToken: FAKE
[08:56:57] [main/INFO] [GradleStart]: version: 1.7.10
[08:56:57] [main/INFO] [GradleStart]: Extra: [--tweakClass, cpw.mods.fml.common.launcher.FMLClientHandler]
[08:56:57] [main/INFO] [GradleStart]: Running with arguments: [--userProperties, {}, --assetsDir, D:\minecoding_1.7.10_all_mods\minecoding_ea_addon\build\assets, --assetIndex, 1.7.10, --accessToken, {REDACTED}, --version, 1.7.10, --tweakClass, cpw.mods.fml.common.launcher.FMLTweaker, --tweakClass, cpw.mods.fml.common.launcher.FMLClientHandler, --tweakClass, net.minecraftforge.gradle.tweakers.CoremodTweaker]
[08:56:57] [main/INFO] [LaunchWrapper]: Loading tweak class name cpw.mods.fml.common.launcher.FMLTweaker
[08:56:57] [main/INFO] [LaunchWrapper]: Using primary tweak class name cpw.mods.fml.common.launcher.FMLTweaker
[08:56:57] [main/INFO] [LaunchWrapper]: Loading tweak class name cpw.mods.fml.common.launcher.FMLClientHandler
[08:56:57] [main/ERROR] [LaunchWrapper]: Unable to launch
java.lang.ClassNotFoundException: cpw.mods.fml.common.launcher.FMLClientHandler
	at java.net.URLClassLoader.findClass(URLClassLoader.java:387) ~[?:1.8.0_421]
	at java.lang.ClassLoader.loadClass(ClassLoader.java:418) ~[?:1.8.0_421]
	at sun.misc.Launcher$AppClassLoader.loadClass(Launcher.java:359) ~[?:1.8.0_421]
	at java.lang.ClassLoader.loadClass(ClassLoader.java:351) ~[?:1.8.0_421]
	at net.minecraft.launchwrapper.LaunchClassLoader.findClass(LaunchClassLoader.java:106) ~[launchwrapper-1.12.jar:?]
	at java.lang.ClassLoader.loadClass(ClassLoader.java:418) ~[?:1.8.0_421]
	at java.lang.ClassLoader.loadClass(ClassLoader.java:351) ~[?:1.8.0_421]
	at java.lang.Class.forName0(Native Method) ~[?:1.8.0_421]
	at java.lang.Class.forName(Class.java:348) ~[?:1.8.0_421]
	at net.minecraft.launchwrapper.Launch.launch(Launch.java:98) [launchwrapper-1.12.jar:?]
	at net.minecraft.launchwrapper.Launch.main(Launch.java:28) [launchwrapper-1.12.jar:?]
	at net.minecraftforge.gradle.GradleStartCommon.launch(Unknown Source) [start/:?]
	at GradleStart.main(Unknown Source) [start/:?]
[09:02:40] [main/INFO] [GradleStart]: assetsDir: D:\minecoding_1.7.10_all_mods\minecoding_ea_addon\build\assets
[09:02:40] [main/INFO] [GradleStart]: accessToken: FAKE
[09:02:40] [main/INFO] [GradleStart]: version: 1.7.10
[09:02:40] [main/INFO] [GradleStart]: Extra: [--tweakClass, cpw.mods.fml.common.launcher.FMLClientHandler]
[09:02:40] [main/INFO] [GradleStart]: Running with arguments: [--userProperties, {}, --assetsDir, D:\minecoding_1.7.10_all_mods\minecoding_ea_addon\build\assets, --assetIndex, 1.7.10, --accessToken, {REDACTED}, --version, 1.7.10, --tweakClass, cpw.mods.fml.common.launcher.FMLTweaker, --tweakClass, cpw.mods.fml.common.launcher.FMLClientHandler, --tweakClass, net.minecraftforge.gradle.tweakers.CoremodTweaker]
[09:02:40] [main/INFO] [LaunchWrapper]: Loading tweak class name cpw.mods.fml.common.launcher.FMLTweaker
[09:02:40] [main/INFO] [LaunchWrapper]: Using primary tweak class name cpw.mods.fml.common.launcher.FMLTweaker
[09:02:40] [main/INFO] [LaunchWrapper]: Loading tweak class name cpw.mods.fml.common.launcher.FMLClientHandler
[09:02:40] [main/ERROR] [LaunchWrapper]: Unable to launch
java.lang.ClassNotFoundException: cpw.mods.fml.common.launcher.FMLClientHandler
	at java.net.URLClassLoader.findClass(URLClassLoader.java:387) ~[?:1.8.0_421]
	at java.lang.ClassLoader.loadClass(ClassLoader.java:418) ~[?:1.8.0_421]
	at sun.misc.Launcher$AppClassLoader.loadClass(Launcher.java:359) ~[?:1.8.0_421]
	at java.lang.ClassLoader.loadClass(ClassLoader.java:351) ~[?:1.8.0_421]
	at net.minecraft.launchwrapper.LaunchClassLoader.findClass(LaunchClassLoader.java:106) ~[launchwrapper-1.12.jar:?]
	at java.lang.ClassLoader.loadClass(ClassLoader.java:418) ~[?:1.8.0_421]
	at java.lang.ClassLoader.loadClass(ClassLoader.java:351) ~[?:1.8.0_421]
	at java.lang.Class.forName0(Native Method) ~[?:1.8.0_421]
	at java.lang.Class.forName(Class.java:348) ~[?:1.8.0_421]
	at net.minecraft.launchwrapper.Launch.launch(Launch.java:98) [launchwrapper-1.12.jar:?]
	at net.minecraft.launchwrapper.Launch.main(Launch.java:28) [launchwrapper-1.12.jar:?]
	at net.minecraftforge.gradle.GradleStartCommon.launch(Unknown Source) [start/:?]
	at GradleStart.main(Unknown Source) [start/:?]
[09:10:29] [main/INFO] [GradleStart]: assetsDir: D:\minecoding_1.7.10_all_mods\minecoding_ea_addon\build\assets
[09:10:29] [main/INFO] [GradleStart]: accessToken: FAKE
[09:10:29] [main/INFO] [GradleStart]: version: 1.7.10
[09:10:29] [main/INFO] [GradleStart]: Extra: [--tweakClass, cpw.mods.fml.common.launcher.FMLClientHandler]
[09:10:30] [main/INFO] [GradleStart]: Running with arguments: [--userProperties, {}, --assetsDir, D:\minecoding_1.7.10_all_mods\minecoding_ea_addon\build\assets, --assetIndex, 1.7.10, --accessToken, {REDACTED}, --version, 1.7.10, --tweakClass, cpw.mods.fml.common.launcher.FMLTweaker, --tweakClass, cpw.mods.fml.common.launcher.FMLClientHandler, --tweakClass, net.minecraftforge.gradle.tweakers.CoremodTweaker]
[09:10:30] [main/INFO] [LaunchWrapper]: Loading tweak class name cpw.mods.fml.common.launcher.FMLTweaker
[09:10:30] [main/INFO] [LaunchWrapper]: Using primary tweak class name cpw.mods.fml.common.launcher.FMLTweaker
[09:10:30] [main/INFO] [LaunchWrapper]: Loading tweak class name cpw.mods.fml.common.launcher.FMLClientHandler
[09:10:30] [main/ERROR] [LaunchWrapper]: Unable to launch
java.lang.ClassNotFoundException: cpw.mods.fml.common.launcher.FMLClientHandler
	at java.net.URLClassLoader.findClass(URLClassLoader.java:387) ~[?:1.8.0_421]
	at java.lang.ClassLoader.loadClass(ClassLoader.java:418) ~[?:1.8.0_421]
	at sun.misc.Launcher$AppClassLoader.loadClass(Launcher.java:359) ~[?:1.8.0_421]
	at java.lang.ClassLoader.loadClass(ClassLoader.java:351) ~[?:1.8.0_421]
	at net.minecraft.launchwrapper.LaunchClassLoader.findClass(LaunchClassLoader.java:106) ~[launchwrapper-1.12.jar:?]
	at java.lang.ClassLoader.loadClass(ClassLoader.java:418) ~[?:1.8.0_421]
	at java.lang.ClassLoader.loadClass(ClassLoader.java:351) ~[?:1.8.0_421]
	at java.lang.Class.forName0(Native Method) ~[?:1.8.0_421]
	at java.lang.Class.forName(Class.java:348) ~[?:1.8.0_421]
	at net.minecraft.launchwrapper.Launch.launch(Launch.java:98) [launchwrapper-1.12.jar:?]
	at net.minecraft.launchwrapper.Launch.main(Launch.java:28) [launchwrapper-1.12.jar:?]
	at net.minecraftforge.gradle.GradleStartCommon.launch(Unknown Source) [start/:?]
	at GradleStart.main(Unknown Source) [start/:?]
[09:11:37] [main/INFO] [GradleStart]: assetsDir: D:\minecoding_1.7.10_all_mods\minecoding_ea_addon\build\assets
[09:11:37] [main/INFO] [GradleStart]: accessToken: FAKE
[09:11:37] [main/INFO] [GradleStart]: version: 1.7.10
[09:11:37] [main/INFO] [GradleStart]: Extra: [--tweakClass, cpw.mods.fml.common.launcher.FMLClientHandler]
[09:11:37] [main/INFO] [GradleStart]: Running with arguments: [--userProperties, {}, --assetsDir, D:\minecoding_1.7.10_all_mods\minecoding_ea_addon\build\assets, --assetIndex, 1.7.10, --accessToken, {REDACTED}, --version, 1.7.10, --tweakClass, cpw.mods.fml.common.launcher.FMLTweaker, --tweakClass, cpw.mods.fml.common.launcher.FMLClientHandler, --tweakClass, net.minecraftforge.gradle.tweakers.CoremodTweaker]
[09:11:37] [main/INFO] [LaunchWrapper]: Loading tweak class name cpw.mods.fml.common.launcher.FMLTweaker
[09:11:37] [main/INFO] [LaunchWrapper]: Using primary tweak class name cpw.mods.fml.common.launcher.FMLTweaker
[09:11:37] [main/INFO] [LaunchWrapper]: Loading tweak class name cpw.mods.fml.common.launcher.FMLClientHandler
[09:11:37] [main/ERROR] [LaunchWrapper]: Unable to launch
java.lang.ClassNotFoundException: cpw.mods.fml.common.launcher.FMLClientHandler
	at java.net.URLClassLoader.findClass(URLClassLoader.java:387) ~[?:1.8.0_421]
	at java.lang.ClassLoader.loadClass(ClassLoader.java:418) ~[?:1.8.0_421]
	at sun.misc.Launcher$AppClassLoader.loadClass(Launcher.java:359) ~[?:1.8.0_421]
	at java.lang.ClassLoader.loadClass(ClassLoader.java:351) ~[?:1.8.0_421]
	at net.minecraft.launchwrapper.LaunchClassLoader.findClass(LaunchClassLoader.java:106) ~[launchwrapper-1.12.jar:?]
	at java.lang.ClassLoader.loadClass(ClassLoader.java:418) ~[?:1.8.0_421]
	at java.lang.ClassLoader.loadClass(ClassLoader.java:351) ~[?:1.8.0_421]
	at java.lang.Class.forName0(Native Method) ~[?:1.8.0_421]
	at java.lang.Class.forName(Class.java:348) ~[?:1.8.0_421]
	at net.minecraft.launchwrapper.Launch.launch(Launch.java:98) [launchwrapper-1.12.jar:?]
	at net.minecraft.launchwrapper.Launch.main(Launch.java:28) [launchwrapper-1.12.jar:?]
	at net.minecraftforge.gradle.GradleStartCommon.launch(Unknown Source) [start/:?]
	at GradleStart.main(Unknown Source) [start/:?]
[09:29:17] [main/INFO] [GradleStart]: assetsDir: D:\minecoding_1.7.10_all_mods\minecoding_ea_addon\build\assets
[09:29:17] [main/INFO] [GradleStart]: accessToken: FAKE
[09:29:17] [main/INFO] [GradleStart]: version: 1.7.10
[09:29:17] [main/INFO] [GradleStart]: Extra: [--tweakClass, cpw.mods.fml.common.launcher.FMLClientHandler]
[09:29:17] [main/INFO] [GradleStart]: Running with arguments: [--userProperties, {}, --assetsDir, D:\minecoding_1.7.10_all_mods\minecoding_ea_addon\build\assets, --assetIndex, 1.7.10, --accessToken, {REDACTED}, --version, 1.7.10, --tweakClass, cpw.mods.fml.common.launcher.FMLTweaker, --tweakClass, cpw.mods.fml.common.launcher.FMLClientHandler, --tweakClass, net.minecraftforge.gradle.tweakers.CoremodTweaker]
[09:29:17] [main/INFO] [LaunchWrapper]: Loading tweak class name cpw.mods.fml.common.launcher.FMLTweaker
[09:29:17] [main/INFO] [LaunchWrapper]: Using primary tweak class name cpw.mods.fml.common.launcher.FMLTweaker
[09:29:17] [main/INFO] [LaunchWrapper]: Loading tweak class name cpw.mods.fml.common.launcher.FMLClientHandler
[09:29:17] [main/ERROR] [LaunchWrapper]: Unable to launch
java.lang.ClassNotFoundException: cpw.mods.fml.common.launcher.FMLClientHandler
	at java.net.URLClassLoader.findClass(URLClassLoader.java:387) ~[?:1.8.0_421]
	at java.lang.ClassLoader.loadClass(ClassLoader.java:418) ~[?:1.8.0_421]
	at sun.misc.Launcher$AppClassLoader.loadClass(Launcher.java:359) ~[?:1.8.0_421]
	at java.lang.ClassLoader.loadClass(ClassLoader.java:351) ~[?:1.8.0_421]
	at net.minecraft.launchwrapper.LaunchClassLoader.findClass(LaunchClassLoader.java:106) ~[launchwrapper-1.12.jar:?]
	at java.lang.ClassLoader.loadClass(ClassLoader.java:418) ~[?:1.8.0_421]
	at java.lang.ClassLoader.loadClass(ClassLoader.java:351) ~[?:1.8.0_421]
	at java.lang.Class.forName0(Native Method) ~[?:1.8.0_421]
	at java.lang.Class.forName(Class.java:348) ~[?:1.8.0_421]
	at net.minecraft.launchwrapper.Launch.launch(Launch.java:98) [launchwrapper-1.12.jar:?]
	at net.minecraft.launchwrapper.Launch.main(Launch.java:28) [launchwrapper-1.12.jar:?]
	at net.minecraftforge.gradle.GradleStartCommon.launch(Unknown Source) [start/:?]
	at GradleStart.main(Unknown Source) [start/:?]
[09:32:11] [main/INFO] [GradleStart]: assetsDir: D:\minecoding_1.7.10_all_mods\minecoding_ea_addon\build\assets
[09:32:11] [main/INFO] [GradleStart]: accessToken: FAKE
[09:32:11] [main/INFO] [GradleStart]: version: 1.7.10
[09:32:11] [main/INFO] [GradleStart]: Extra: [--tweakClass, cpw.mods.fml.common.launcher.FMLClientHandler]
[09:32:11] [main/INFO] [GradleStart]: Running with arguments: [--userProperties, {}, --assetsDir, D:\minecoding_1.7.10_all_mods\minecoding_ea_addon\build\assets, --assetIndex, 1.7.10, --accessToken, {REDACTED}, --version, 1.7.10, --tweakClass, cpw.mods.fml.common.launcher.FMLTweaker, --tweakClass, cpw.mods.fml.common.launcher.FMLClientHandler, --tweakClass, net.minecraftforge.gradle.tweakers.CoremodTweaker]
[09:32:11] [main/INFO] [LaunchWrapper]: Loading tweak class name cpw.mods.fml.common.launcher.FMLTweaker
[09:32:11] [main/INFO] [LaunchWrapper]: Using primary tweak class name cpw.mods.fml.common.launcher.FMLTweaker
[09:32:11] [main/INFO] [LaunchWrapper]: Loading tweak class name cpw.mods.fml.common.launcher.FMLClientHandler
[09:32:11] [main/ERROR] [LaunchWrapper]: Unable to launch
java.lang.ClassNotFoundException: cpw.mods.fml.common.launcher.FMLClientHandler
	at java.net.URLClassLoader.findClass(URLClassLoader.java:387) ~[?:1.8.0_421]
	at java.lang.ClassLoader.loadClass(ClassLoader.java:418) ~[?:1.8.0_421]
	at sun.misc.Launcher$AppClassLoader.loadClass(Launcher.java:359) ~[?:1.8.0_421]
	at java.lang.ClassLoader.loadClass(ClassLoader.java:351) ~[?:1.8.0_421]
	at net.minecraft.launchwrapper.LaunchClassLoader.findClass(LaunchClassLoader.java:106) ~[launchwrapper-1.12.jar:?]
	at java.lang.ClassLoader.loadClass(ClassLoader.java:418) ~[?:1.8.0_421]
	at java.lang.ClassLoader.loadClass(ClassLoader.java:351) ~[?:1.8.0_421]
	at java.lang.Class.forName0(Native Method) ~[?:1.8.0_421]
	at java.lang.Class.forName(Class.java:348) ~[?:1.8.0_421]
	at net.minecraft.launchwrapper.Launch.launch(Launch.java:98) [launchwrapper-1.12.jar:?]
	at net.minecraft.launchwrapper.Launch.main(Launch.java:28) [launchwrapper-1.12.jar:?]
	at net.minecraftforge.gradle.GradleStartCommon.launch(Unknown Source) [start/:?]
	at GradleStart.main(Unknown Source) [start/:?]
[09:34:29] [main/INFO] [GradleStart]: Extra: [disableFingerprintChecking]
[09:34:29] [main/INFO] [GradleStart]: Running with arguments: [--tweakClass, cpw.mods.fml.common.launcher.FMLServerTweaker, disableFingerprintChecking, --tweakClass, net.minecraftforge.gradle.tweakers.CoremodTweaker]
[09:34:29] [main/INFO] [LaunchWrapper]: Loading tweak class name cpw.mods.fml.common.launcher.FMLServerTweaker
[09:34:29] [main/INFO] [LaunchWrapper]: Using primary tweak class name cpw.mods.fml.common.launcher.FMLServerTweaker
[09:34:29] [main/INFO] [LaunchWrapper]: Loading tweak class name net.minecraftforge.gradle.tweakers.CoremodTweaker
[09:34:29] [main/INFO] [LaunchWrapper]: Calling tweak class cpw.mods.fml.common.launcher.FMLServerTweaker
[09:35:02] [main/INFO] [GradleStart]: Extra: [disableFingerprintChecking]
[09:35:02] [main/INFO] [GradleStart]: Running with arguments: [--tweakClass, cpw.mods.fml.common.launcher.FMLServerTweaker, disableFingerprintChecking, --tweakClass, net.minecraftforge.gradle.tweakers.CoremodTweaker]
[09:35:02] [main/INFO] [LaunchWrapper]: Loading tweak class name cpw.mods.fml.common.launcher.FMLServerTweaker
[09:35:02] [main/INFO] [LaunchWrapper]: Using primary tweak class name cpw.mods.fml.common.launcher.FMLServerTweaker
[09:35:02] [main/INFO] [LaunchWrapper]: Loading tweak class name net.minecraftforge.gradle.tweakers.CoremodTweaker
[09:35:02] [main/INFO] [LaunchWrapper]: Calling tweak class cpw.mods.fml.common.launcher.FMLServerTweaker
[09:35:17] [main/INFO] [GradleStart]: assetsDir: D:\minecoding_1.7.10_all_mods\minecoding_ea_addon\build\assets
[09:35:17] [main/INFO] [GradleStart]: accessToken: FAKE
[09:35:17] [main/INFO] [GradleStart]: version: 1.7.10
[09:35:17] [main/INFO] [GradleStart]: Extra: [--tweakClass, cpw.mods.fml.common.launcher.FMLClientHandler]
[09:35:17] [main/INFO] [GradleStart]: Running with arguments: [--userProperties, {}, --assetsDir, D:\minecoding_1.7.10_all_mods\minecoding_ea_addon\build\assets, --assetIndex, 1.7.10, --accessToken, {REDACTED}, --version, 1.7.10, --tweakClass, cpw.mods.fml.common.launcher.FMLTweaker, --tweakClass, cpw.mods.fml.common.launcher.FMLClientHandler, --tweakClass, net.minecraftforge.gradle.tweakers.CoremodTweaker]
[09:35:17] [main/INFO] [LaunchWrapper]: Loading tweak class name cpw.mods.fml.common.launcher.FMLTweaker
[09:35:17] [main/INFO] [LaunchWrapper]: Using primary tweak class name cpw.mods.fml.common.launcher.FMLTweaker
[09:35:17] [main/INFO] [LaunchWrapper]: Loading tweak class name cpw.mods.fml.common.launcher.FMLClientHandler
[09:35:17] [main/ERROR] [LaunchWrapper]: Unable to launch
java.lang.ClassNotFoundException: cpw.mods.fml.common.launcher.FMLClientHandler
	at java.net.URLClassLoader.findClass(URLClassLoader.java:387) ~[?:1.8.0_421]
	at java.lang.ClassLoader.loadClass(ClassLoader.java:418) ~[?:1.8.0_421]
	at sun.misc.Launcher$AppClassLoader.loadClass(Launcher.java:359) ~[?:1.8.0_421]
	at java.lang.ClassLoader.loadClass(ClassLoader.java:351) ~[?:1.8.0_421]
	at net.minecraft.launchwrapper.LaunchClassLoader.findClass(LaunchClassLoader.java:106) ~[launchwrapper-1.12.jar:?]
	at java.lang.ClassLoader.loadClass(ClassLoader.java:418) ~[?:1.8.0_421]
	at java.lang.ClassLoader.loadClass(ClassLoader.java:351) ~[?:1.8.0_421]
	at java.lang.Class.forName0(Native Method) ~[?:1.8.0_421]
	at java.lang.Class.forName(Class.java:348) ~[?:1.8.0_421]
	at net.minecraft.launchwrapper.Launch.launch(Launch.java:98) [launchwrapper-1.12.jar:?]
	at net.minecraft.launchwrapper.Launch.main(Launch.java:28) [launchwrapper-1.12.jar:?]
	at net.minecraftforge.gradle.GradleStartCommon.launch(Unknown Source) [start/:?]
	at GradleStart.main(Unknown Source) [start/:?]
[09:37:33] [main/INFO] [LaunchWrapper]: Loading tweak class name cpw.mods.fml.common.launcher.FMLClientHandler
[09:37:33] [main/ERROR] [LaunchWrapper]: Unable to launch
java.lang.ClassNotFoundException: cpw.mods.fml.common.launcher.FMLClientHandler
	at java.net.URLClassLoader.findClass(URLClassLoader.java:387) ~[?:1.8.0_421]
	at java.lang.ClassLoader.loadClass(ClassLoader.java:418) ~[?:1.8.0_421]
	at sun.misc.Launcher$AppClassLoader.loadClass(Launcher.java:359) ~[?:1.8.0_421]
	at java.lang.ClassLoader.loadClass(ClassLoader.java:351) ~[?:1.8.0_421]
	at net.minecraft.launchwrapper.LaunchClassLoader.findClass(LaunchClassLoader.java:106) ~[launchwrapper-1.12.jar:?]
	at java.lang.ClassLoader.loadClass(ClassLoader.java:418) ~[?:1.8.0_421]
	at java.lang.ClassLoader.loadClass(ClassLoader.java:351) ~[?:1.8.0_421]
	at java.lang.Class.forName0(Native Method) ~[?:1.8.0_421]
	at java.lang.Class.forName(Class.java:348) ~[?:1.8.0_421]
	at net.minecraft.launchwrapper.Launch.launch(Launch.java:98) [launchwrapper-1.12.jar:?]
	at net.minecraft.launchwrapper.Launch.main(Launch.java:28) [launchwrapper-1.12.jar:?]
[09:41:04] [main/INFO] [LaunchWrapper]: Loading tweak class name cpw.mods.fml.common.launcher.FMLClientHandler
[09:41:04] [main/ERROR] [LaunchWrapper]: Unable to launch
java.lang.ClassNotFoundException: cpw.mods.fml.common.launcher.FMLClientHandler
	at java.net.URLClassLoader.findClass(URLClassLoader.java:387) ~[?:1.8.0_421]
	at java.lang.ClassLoader.loadClass(ClassLoader.java:418) ~[?:1.8.0_421]
	at sun.misc.Launcher$AppClassLoader.loadClass(Launcher.java:359) ~[?:1.8.0_421]
	at java.lang.ClassLoader.loadClass(ClassLoader.java:351) ~[?:1.8.0_421]
	at net.minecraft.launchwrapper.LaunchClassLoader.findClass(LaunchClassLoader.java:106) ~[launchwrapper-1.12.jar:?]
	at java.lang.ClassLoader.loadClass(ClassLoader.java:418) ~[?:1.8.0_421]
	at java.lang.ClassLoader.loadClass(ClassLoader.java:351) ~[?:1.8.0_421]
	at java.lang.Class.forName0(Native Method) ~[?:1.8.0_421]
	at java.lang.Class.forName(Class.java:348) ~[?:1.8.0_421]
	at net.minecraft.launchwrapper.Launch.launch(Launch.java:98) [launchwrapper-1.12.jar:?]
	at net.minecraft.launchwrapper.Launch.main(Launch.java:28) [launchwrapper-1.12.jar:?]
[09:43:40] [main/INFO] [LaunchWrapper]: Loading tweak class name cpw.mods.fml.common.launcher.FMLClientHandler
[09:43:40] [main/ERROR] [LaunchWrapper]: Unable to launch
java.lang.ClassNotFoundException: cpw.mods.fml.common.launcher.FMLClientHandler
	at java.net.URLClassLoader.findClass(URLClassLoader.java:387) ~[?:1.8.0_421]
	at java.lang.ClassLoader.loadClass(ClassLoader.java:418) ~[?:1.8.0_421]
	at sun.misc.Launcher$AppClassLoader.loadClass(Launcher.java:359) ~[?:1.8.0_421]
	at java.lang.ClassLoader.loadClass(ClassLoader.java:351) ~[?:1.8.0_421]
	at net.minecraft.launchwrapper.LaunchClassLoader.findClass(LaunchClassLoader.java:106) ~[launchwrapper-1.12.jar:?]
	at java.lang.ClassLoader.loadClass(ClassLoader.java:418) ~[?:1.8.0_421]
	at java.lang.ClassLoader.loadClass(ClassLoader.java:351) ~[?:1.8.0_421]
	at java.lang.Class.forName0(Native Method) ~[?:1.8.0_421]
	at java.lang.Class.forName(Class.java:348) ~[?:1.8.0_421]
	at net.minecraft.launchwrapper.Launch.launch(Launch.java:98) [launchwrapper-1.12.jar:?]
	at net.minecraft.launchwrapper.Launch.main(Launch.java:28) [launchwrapper-1.12.jar:?]
[09:46:22] [main/INFO] [LaunchWrapper]: Loading tweak class name cpw.mods.fml.common.launcher.FMLClientHandler
[09:46:22] [main/ERROR] [LaunchWrapper]: Unable to launch
java.lang.ClassNotFoundException: cpw.mods.fml.common.launcher.FMLClientHandler
	at java.net.URLClassLoader.findClass(URLClassLoader.java:387) ~[?:1.8.0_421]
	at java.lang.ClassLoader.loadClass(ClassLoader.java:418) ~[?:1.8.0_421]
	at sun.misc.Launcher$AppClassLoader.loadClass(Launcher.java:359) ~[?:1.8.0_421]
	at java.lang.ClassLoader.loadClass(ClassLoader.java:351) ~[?:1.8.0_421]
	at net.minecraft.launchwrapper.LaunchClassLoader.findClass(LaunchClassLoader.java:106) ~[launchwrapper-1.12.jar:?]
	at java.lang.ClassLoader.loadClass(ClassLoader.java:418) ~[?:1.8.0_421]
	at java.lang.ClassLoader.loadClass(ClassLoader.java:351) ~[?:1.8.0_421]
	at java.lang.Class.forName0(Native Method) ~[?:1.8.0_421]
	at java.lang.Class.forName(Class.java:348) ~[?:1.8.0_421]
	at net.minecraft.launchwrapper.Launch.launch(Launch.java:98) [launchwrapper-1.12.jar:?]
	at net.minecraft.launchwrapper.Launch.main(Launch.java:28) [launchwrapper-1.12.jar:?]
[09:51:51] [main/INFO] [LaunchWrapper]: Loading tweak class name cpw.mods.fml.common.launcher.FMLClientHandler
[09:51:51] [main/ERROR] [LaunchWrapper]: Unable to launch
java.lang.ClassNotFoundException: cpw.mods.fml.common.launcher.FMLClientHandler
	at java.net.URLClassLoader.findClass(URLClassLoader.java:387) ~[?:1.8.0_421]
	at java.lang.ClassLoader.loadClass(ClassLoader.java:418) ~[?:1.8.0_421]
	at sun.misc.Launcher$AppClassLoader.loadClass(Launcher.java:359) ~[?:1.8.0_421]
	at java.lang.ClassLoader.loadClass(ClassLoader.java:351) ~[?:1.8.0_421]
	at net.minecraft.launchwrapper.LaunchClassLoader.findClass(LaunchClassLoader.java:106) ~[launchwrapper-1.12.jar:?]
	at java.lang.ClassLoader.loadClass(ClassLoader.java:418) ~[?:1.8.0_421]
	at java.lang.ClassLoader.loadClass(ClassLoader.java:351) ~[?:1.8.0_421]
	at java.lang.Class.forName0(Native Method) ~[?:1.8.0_421]
	at java.lang.Class.forName(Class.java:348) ~[?:1.8.0_421]
	at net.minecraft.launchwrapper.Launch.launch(Launch.java:98) [launchwrapper-1.12.jar:?]
	at net.minecraft.launchwrapper.Launch.main(Launch.java:28) [launchwrapper-1.12.jar:?]
[09:55:53] [main/INFO] [LaunchWrapper]: Loading tweak class name cpw.mods.fml.common.launcher.FMLClientHandler
[09:55:53] [main/ERROR] [LaunchWrapper]: Unable to launch
java.lang.ClassNotFoundException: cpw.mods.fml.common.launcher.FMLClientHandler
	at java.net.URLClassLoader.findClass(URLClassLoader.java:387) ~[?:1.8.0_421]
	at java.lang.ClassLoader.loadClass(ClassLoader.java:418) ~[?:1.8.0_421]
	at sun.misc.Launcher$AppClassLoader.loadClass(Launcher.java:359) ~[?:1.8.0_421]
	at java.lang.ClassLoader.loadClass(ClassLoader.java:351) ~[?:1.8.0_421]
	at net.minecraft.launchwrapper.LaunchClassLoader.findClass(LaunchClassLoader.java:106) ~[launchwrapper-1.12.jar:?]
	at java.lang.ClassLoader.loadClass(ClassLoader.java:418) ~[?:1.8.0_421]
	at java.lang.ClassLoader.loadClass(ClassLoader.java:351) ~[?:1.8.0_421]
	at java.lang.Class.forName0(Native Method) ~[?:1.8.0_421]
	at java.lang.Class.forName(Class.java:348) ~[?:1.8.0_421]
	at net.minecraft.launchwrapper.Launch.launch(Launch.java:98) [launchwrapper-1.12.jar:?]
	at net.minecraft.launchwrapper.Launch.main(Launch.java:28) [launchwrapper-1.12.jar:?]
[09:57:01] [main/INFO] [LaunchWrapper]: Loading tweak class name cpw.mods.fml.common.launcher.FMLClientHandler
[09:57:01] [main/ERROR] [LaunchWrapper]: Unable to launch
java.lang.ClassNotFoundException: cpw.mods.fml.common.launcher.FMLClientHandler
	at java.net.URLClassLoader.findClass(URLClassLoader.java:387) ~[?:1.8.0_421]
	at java.lang.ClassLoader.loadClass(ClassLoader.java:418) ~[?:1.8.0_421]
	at sun.misc.Launcher$AppClassLoader.loadClass(Launcher.java:359) ~[?:1.8.0_421]
	at java.lang.ClassLoader.loadClass(ClassLoader.java:351) ~[?:1.8.0_421]
	at net.minecraft.launchwrapper.LaunchClassLoader.findClass(LaunchClassLoader.java:106) ~[launchwrapper-1.12.jar:?]
	at java.lang.ClassLoader.loadClass(ClassLoader.java:418) ~[?:1.8.0_421]
	at java.lang.ClassLoader.loadClass(ClassLoader.java:351) ~[?:1.8.0_421]
	at java.lang.Class.forName0(Native Method) ~[?:1.8.0_421]
	at java.lang.Class.forName(Class.java:348) ~[?:1.8.0_421]
	at net.minecraft.launchwrapper.Launch.launch(Launch.java:98) [launchwrapper-1.12.jar:?]
	at net.minecraft.launchwrapper.Launch.main(Launch.java:28) [launchwrapper-1.12.jar:?]
[09:57:29] [main/INFO] [LaunchWrapper]: Loading tweak class name cpw.mods.fml.common.launcher.FMLClientHandler
[09:57:29] [main/ERROR] [LaunchWrapper]: Unable to launch
java.lang.ClassNotFoundException: cpw.mods.fml.common.launcher.FMLClientHandler
	at java.net.URLClassLoader.findClass(URLClassLoader.java:387) ~[?:1.8.0_421]
	at java.lang.ClassLoader.loadClass(ClassLoader.java:418) ~[?:1.8.0_421]
	at sun.misc.Launcher$AppClassLoader.loadClass(Launcher.java:359) ~[?:1.8.0_421]
	at java.lang.ClassLoader.loadClass(ClassLoader.java:351) ~[?:1.8.0_421]
	at net.minecraft.launchwrapper.LaunchClassLoader.findClass(LaunchClassLoader.java:106) ~[launchwrapper-1.12.jar:?]
	at java.lang.ClassLoader.loadClass(ClassLoader.java:418) ~[?:1.8.0_421]
	at java.lang.ClassLoader.loadClass(ClassLoader.java:351) ~[?:1.8.0_421]
	at java.lang.Class.forName0(Native Method) ~[?:1.8.0_421]
	at java.lang.Class.forName(Class.java:348) ~[?:1.8.0_421]
	at net.minecraft.launchwrapper.Launch.launch(Launch.java:98) [launchwrapper-1.12.jar:?]
	at net.minecraft.launchwrapper.Launch.main(Launch.java:28) [launchwrapper-1.12.jar:?]
[09:59:53] [main/INFO] [LaunchWrapper]: Loading tweak class name cpw.mods.fml.common.launcher.FMLClientHandler
[09:59:53] [main/ERROR] [LaunchWrapper]: Unable to launch
java.lang.ClassNotFoundException: cpw.mods.fml.common.launcher.FMLClientHandler
	at java.net.URLClassLoader.findClass(URLClassLoader.java:387) ~[?:1.8.0_421]
	at java.lang.ClassLoader.loadClass(ClassLoader.java:418) ~[?:1.8.0_421]
	at sun.misc.Launcher$AppClassLoader.loadClass(Launcher.java:359) ~[?:1.8.0_421]
	at java.lang.ClassLoader.loadClass(ClassLoader.java:351) ~[?:1.8.0_421]
	at net.minecraft.launchwrapper.LaunchClassLoader.findClass(LaunchClassLoader.java:106) ~[launchwrapper-1.12.jar:?]
	at java.lang.ClassLoader.loadClass(ClassLoader.java:418) ~[?:1.8.0_421]
	at java.lang.ClassLoader.loadClass(ClassLoader.java:351) ~[?:1.8.0_421]
	at java.lang.Class.forName0(Native Method) ~[?:1.8.0_421]
	at java.lang.Class.forName(Class.java:348) ~[?:1.8.0_421]
	at net.minecraft.launchwrapper.Launch.launch(Launch.java:98) [launchwrapper-1.12.jar:?]
	at net.minecraft.launchwrapper.Launch.main(Launch.java:28) [launchwrapper-1.12.jar:?]
[10:01:22] [main/INFO] [LaunchWrapper]: Loading tweak class name cpw.mods.fml.common.launcher.FMLClientHandler
[10:01:22] [main/ERROR] [LaunchWrapper]: Unable to launch
java.lang.ClassNotFoundException: cpw.mods.fml.common.launcher.FMLClientHandler
	at java.net.URLClassLoader.findClass(URLClassLoader.java:387) ~[?:1.8.0_421]
	at java.lang.ClassLoader.loadClass(ClassLoader.java:418) ~[?:1.8.0_421]
	at sun.misc.Launcher$AppClassLoader.loadClass(Launcher.java:359) ~[?:1.8.0_421]
	at java.lang.ClassLoader.loadClass(ClassLoader.java:351) ~[?:1.8.0_421]
	at net.minecraft.launchwrapper.LaunchClassLoader.findClass(LaunchClassLoader.java:106) ~[launchwrapper-1.12.jar:?]
	at java.lang.ClassLoader.loadClass(ClassLoader.java:418) ~[?:1.8.0_421]
	at java.lang.ClassLoader.loadClass(ClassLoader.java:351) ~[?:1.8.0_421]
	at java.lang.Class.forName0(Native Method) ~[?:1.8.0_421]
	at java.lang.Class.forName(Class.java:348) ~[?:1.8.0_421]
	at net.minecraft.launchwrapper.Launch.launch(Launch.java:98) [launchwrapper-1.12.jar:?]
	at net.minecraft.launchwrapper.Launch.main(Launch.java:28) [launchwrapper-1.12.jar:?]
[10:01:28] [main/INFO] [LaunchWrapper]: Loading tweak class name cpw.mods.fml.common.launcher.FMLClientHandler
[10:01:28] [main/ERROR] [LaunchWrapper]: Unable to launch
java.lang.ClassNotFoundException: cpw.mods.fml.common.launcher.FMLClientHandler
	at java.net.URLClassLoader.findClass(URLClassLoader.java:387) ~[?:1.8.0_421]
	at java.lang.ClassLoader.loadClass(ClassLoader.java:418) ~[?:1.8.0_421]
	at sun.misc.Launcher$AppClassLoader.loadClass(Launcher.java:359) ~[?:1.8.0_421]
	at java.lang.ClassLoader.loadClass(ClassLoader.java:351) ~[?:1.8.0_421]
	at net.minecraft.launchwrapper.LaunchClassLoader.findClass(LaunchClassLoader.java:106) ~[launchwrapper-1.12.jar:?]
	at java.lang.ClassLoader.loadClass(ClassLoader.java:418) ~[?:1.8.0_421]
	at java.lang.ClassLoader.loadClass(ClassLoader.java:351) ~[?:1.8.0_421]
	at java.lang.Class.forName0(Native Method) ~[?:1.8.0_421]
	at java.lang.Class.forName(Class.java:348) ~[?:1.8.0_421]
	at net.minecraft.launchwrapper.Launch.launch(Launch.java:98) [launchwrapper-1.12.jar:?]
	at net.minecraft.launchwrapper.Launch.main(Launch.java:28) [launchwrapper-1.12.jar:?]
[10:03:15] [main/INFO] [LaunchWrapper]: Loading tweak class name cpw.mods.fml.common.launcher.FMLClientHandler
[10:03:15] [main/ERROR] [LaunchWrapper]: Unable to launch
java.lang.ClassNotFoundException: cpw.mods.fml.common.launcher.FMLClientHandler
	at java.net.URLClassLoader.findClass(URLClassLoader.java:387) ~[?:1.8.0_421]
	at java.lang.ClassLoader.loadClass(ClassLoader.java:418) ~[?:1.8.0_421]
	at sun.misc.Launcher$AppClassLoader.loadClass(Launcher.java:359) ~[?:1.8.0_421]
	at java.lang.ClassLoader.loadClass(ClassLoader.java:351) ~[?:1.8.0_421]
	at net.minecraft.launchwrapper.LaunchClassLoader.findClass(LaunchClassLoader.java:106) ~[launchwrapper-1.12.jar:?]
	at java.lang.ClassLoader.loadClass(ClassLoader.java:418) ~[?:1.8.0_421]
	at java.lang.ClassLoader.loadClass(ClassLoader.java:351) ~[?:1.8.0_421]
	at java.lang.Class.forName0(Native Method) ~[?:1.8.0_421]
	at java.lang.Class.forName(Class.java:348) ~[?:1.8.0_421]
	at net.minecraft.launchwrapper.Launch.launch(Launch.java:98) [launchwrapper-1.12.jar:?]
	at net.minecraft.launchwrapper.Launch.main(Launch.java:28) [launchwrapper-1.12.jar:?]
[10:16:35] [main/INFO] [LaunchWrapper]: Loading tweak class name cpw.mods.fml.common.launcher.FMLClientHandler
[10:16:35] [main/ERROR] [LaunchWrapper]: Unable to launch
java.lang.ClassNotFoundException: cpw.mods.fml.common.launcher.FMLClientHandler
	at java.net.URLClassLoader.findClass(URLClassLoader.java:387) ~[?:1.8.0_421]
	at java.lang.ClassLoader.loadClass(ClassLoader.java:418) ~[?:1.8.0_421]
	at java.lang.ClassLoader.loadClass(ClassLoader.java:351) ~[?:1.8.0_421]
	at net.minecraft.launchwrapper.LaunchClassLoader.findClass(LaunchClassLoader.java:106) ~[launchwrapper-1.12.jar:?]
	at java.lang.ClassLoader.loadClass(ClassLoader.java:418) ~[?:1.8.0_421]
	at java.lang.ClassLoader.loadClass(ClassLoader.java:351) ~[?:1.8.0_421]
	at java.lang.Class.forName0(Native Method) ~[?:1.8.0_421]
	at java.lang.Class.forName(Class.java:348) ~[?:1.8.0_421]
	at net.minecraft.launchwrapper.Launch.launch(Launch.java:98) [launchwrapper-1.12.jar:?]
	at net.minecraft.launchwrapper.Launch.main(Launch.java:28) [launchwrapper-1.12.jar:?]
	at sun.reflect.NativeMethodAccessorImpl.invoke0(Native Method) ~[?:1.8.0_421]
	at sun.reflect.NativeMethodAccessorImpl.invoke(NativeMethodAccessorImpl.java:62) ~[?:1.8.0_421]
	at sun.reflect.DelegatingMethodAccessorImpl.invoke(DelegatingMethodAccessorImpl.java:43) ~[?:1.8.0_421]
	at java.lang.reflect.Method.invoke(Method.java:498) ~[?:1.8.0_421]
	at com.intellij.rt.execution.CommandLineWrapper.main(CommandLineWrapper.java:65) [idea_rt.jar:?]
[10:18:18] [main/INFO] [LaunchWrapper]: Loading tweak class name cpw.mods.fml.common.launcher.FMLClientHandler
[10:18:19] [main/ERROR] [LaunchWrapper]: Unable to launch
java.lang.ClassNotFoundException: cpw.mods.fml.common.launcher.FMLClientHandler
	at java.net.URLClassLoader.findClass(URLClassLoader.java:387) ~[?:1.8.0_421]
	at java.lang.ClassLoader.loadClass(ClassLoader.java:418) ~[?:1.8.0_421]
	at sun.misc.Launcher$AppClassLoader.loadClass(Launcher.java:359) ~[?:1.8.0_421]
	at java.lang.ClassLoader.loadClass(ClassLoader.java:351) ~[?:1.8.0_421]
	at net.minecraft.launchwrapper.LaunchClassLoader.findClass(LaunchClassLoader.java:106) ~[launchwrapper-1.12.jar:?]
	at java.lang.ClassLoader.loadClass(ClassLoader.java:418) ~[?:1.8.0_421]
	at java.lang.ClassLoader.loadClass(ClassLoader.java:351) ~[?:1.8.0_421]
	at java.lang.Class.forName0(Native Method) ~[?:1.8.0_421]
	at java.lang.Class.forName(Class.java:348) ~[?:1.8.0_421]
	at net.minecraft.launchwrapper.Launch.launch(Launch.java:98) [launchwrapper-1.12.jar:?]
	at net.minecraft.launchwrapper.Launch.main(Launch.java:28) [launchwrapper-1.12.jar:?]
[10:19:42] [main/INFO] [LaunchWrapper]: Loading tweak class name cpw.mods.fml.common.launcher.FMLClientHandler
[10:19:42] [main/ERROR] [LaunchWrapper]: Unable to launch
java.lang.ClassNotFoundException: cpw.mods.fml.common.launcher.FMLClientHandler
	at java.net.URLClassLoader.findClass(URLClassLoader.java:387) ~[?:1.8.0_421]
	at java.lang.ClassLoader.loadClass(ClassLoader.java:418) ~[?:1.8.0_421]
	at sun.misc.Launcher$AppClassLoader.loadClass(Launcher.java:359) ~[?:1.8.0_421]
	at java.lang.ClassLoader.loadClass(ClassLoader.java:351) ~[?:1.8.0_421]
	at net.minecraft.launchwrapper.LaunchClassLoader.findClass(LaunchClassLoader.java:106) ~[launchwrapper-1.12.jar:?]
	at java.lang.ClassLoader.loadClass(ClassLoader.java:418) ~[?:1.8.0_421]
	at java.lang.ClassLoader.loadClass(ClassLoader.java:351) ~[?:1.8.0_421]
	at java.lang.Class.forName0(Native Method) ~[?:1.8.0_421]
	at java.lang.Class.forName(Class.java:348) ~[?:1.8.0_421]
	at net.minecraft.launchwrapper.Launch.launch(Launch.java:98) [launchwrapper-1.12.jar:?]
	at net.minecraft.launchwrapper.Launch.main(Launch.java:28) [launchwrapper-1.12.jar:?]
[10:20:45] [main/INFO] [LaunchWrapper]: Loading tweak class name cpw.mods.fml.common.launcher.FMLClientHandler
[10:20:45] [main/ERROR] [LaunchWrapper]: Unable to launch
java.lang.ClassNotFoundException: cpw.mods.fml.common.launcher.FMLClientHandler
	at java.net.URLClassLoader.findClass(URLClassLoader.java:387) ~[?:1.8.0_421]
	at java.lang.ClassLoader.loadClass(ClassLoader.java:418) ~[?:1.8.0_421]
	at sun.misc.Launcher$AppClassLoader.loadClass(Launcher.java:359) ~[?:1.8.0_421]
	at java.lang.ClassLoader.loadClass(ClassLoader.java:351) ~[?:1.8.0_421]
	at net.minecraft.launchwrapper.LaunchClassLoader.findClass(LaunchClassLoader.java:106) ~[launchwrapper-1.12.jar:?]
	at java.lang.ClassLoader.loadClass(ClassLoader.java:418) ~[?:1.8.0_421]
	at java.lang.ClassLoader.loadClass(ClassLoader.java:351) ~[?:1.8.0_421]
	at java.lang.Class.forName0(Native Method) ~[?:1.8.0_421]
	at java.lang.Class.forName(Class.java:348) ~[?:1.8.0_421]
	at net.minecraft.launchwrapper.Launch.launch(Launch.java:98) [launchwrapper-1.12.jar:?]
	at net.minecraft.launchwrapper.Launch.main(Launch.java:28) [launchwrapper-1.12.jar:?]
[10:21:21] [main/INFO] [LaunchWrapper]: Loading tweak class name cpw.mods.fml.common.launcher.FMLClientHandler
[10:21:21] [main/ERROR] [LaunchWrapper]: Unable to launch
java.lang.ClassNotFoundException: cpw.mods.fml.common.launcher.FMLClientHandler
	at java.net.URLClassLoader.findClass(URLClassLoader.java:387) ~[?:1.8.0_421]
	at java.lang.ClassLoader.loadClass(ClassLoader.java:418) ~[?:1.8.0_421]
	at sun.misc.Launcher$AppClassLoader.loadClass(Launcher.java:359) ~[?:1.8.0_421]
	at java.lang.ClassLoader.loadClass(ClassLoader.java:351) ~[?:1.8.0_421]
	at net.minecraft.launchwrapper.LaunchClassLoader.findClass(LaunchClassLoader.java:106) ~[launchwrapper-1.12.jar:?]
	at java.lang.ClassLoader.loadClass(ClassLoader.java:418) ~[?:1.8.0_421]
	at java.lang.ClassLoader.loadClass(ClassLoader.java:351) ~[?:1.8.0_421]
	at java.lang.Class.forName0(Native Method) ~[?:1.8.0_421]
	at java.lang.Class.forName(Class.java:348) ~[?:1.8.0_421]
	at net.minecraft.launchwrapper.Launch.launch(Launch.java:98) [launchwrapper-1.12.jar:?]
	at net.minecraft.launchwrapper.Launch.main(Launch.java:28) [launchwrapper-1.12.jar:?]
[10:22:18] [main/INFO] [LaunchWrapper]: Loading tweak class name cpw.mods.fml.common.launcher.FMLClientHandler
[10:22:18] [main/ERROR] [LaunchWrapper]: Unable to launch
java.lang.ClassNotFoundException: cpw.mods.fml.common.launcher.FMLClientHandler
	at java.net.URLClassLoader.findClass(URLClassLoader.java:387) ~[?:1.8.0_421]
	at java.lang.ClassLoader.loadClass(ClassLoader.java:418) ~[?:1.8.0_421]
	at sun.misc.Launcher$AppClassLoader.loadClass(Launcher.java:359) ~[?:1.8.0_421]
	at java.lang.ClassLoader.loadClass(ClassLoader.java:351) ~[?:1.8.0_421]
	at net.minecraft.launchwrapper.LaunchClassLoader.findClass(LaunchClassLoader.java:106) ~[launchwrapper-1.12.jar:?]
	at java.lang.ClassLoader.loadClass(ClassLoader.java:418) ~[?:1.8.0_421]
	at java.lang.ClassLoader.loadClass(ClassLoader.java:351) ~[?:1.8.0_421]
	at java.lang.Class.forName0(Native Method) ~[?:1.8.0_421]
	at java.lang.Class.forName(Class.java:348) ~[?:1.8.0_421]
	at net.minecraft.launchwrapper.Launch.launch(Launch.java:98) [launchwrapper-1.12.jar:?]
	at net.minecraft.launchwrapper.Launch.main(Launch.java:28) [launchwrapper-1.12.jar:?]
[10:23:40] [main/INFO] [LaunchWrapper]: Loading tweak class name cpw.mods.fml.common.launcher.FMLClientHandler
[10:23:40] [main/ERROR] [LaunchWrapper]: Unable to launch
java.lang.ClassNotFoundException: cpw.mods.fml.common.launcher.FMLClientHandler
	at java.net.URLClassLoader.findClass(URLClassLoader.java:387) ~[?:1.8.0_421]
	at java.lang.ClassLoader.loadClass(ClassLoader.java:418) ~[?:1.8.0_421]
	at sun.misc.Launcher$AppClassLoader.loadClass(Launcher.java:359) ~[?:1.8.0_421]
	at java.lang.ClassLoader.loadClass(ClassLoader.java:351) ~[?:1.8.0_421]
	at net.minecraft.launchwrapper.LaunchClassLoader.findClass(LaunchClassLoader.java:106) ~[launchwrapper-1.12.jar:?]
	at java.lang.ClassLoader.loadClass(ClassLoader.java:418) ~[?:1.8.0_421]
	at java.lang.ClassLoader.loadClass(ClassLoader.java:351) ~[?:1.8.0_421]
	at java.lang.Class.forName0(Native Method) ~[?:1.8.0_421]
	at java.lang.Class.forName(Class.java:348) ~[?:1.8.0_421]
	at net.minecraft.launchwrapper.Launch.launch(Launch.java:98) [launchwrapper-1.12.jar:?]
	at net.minecraft.launchwrapper.Launch.main(Launch.java:28) [launchwrapper-1.12.jar:?]
[10:25:16] [main/INFO] [LaunchWrapper]: Loading tweak class name cpw.mods.fml.common.launcher.FMLClientHandler
[10:25:16] [main/ERROR] [LaunchWrapper]: Unable to launch
java.lang.ClassNotFoundException: cpw.mods.fml.common.launcher.FMLClientHandler
	at java.net.URLClassLoader.findClass(URLClassLoader.java:387) ~[?:1.8.0_421]
	at java.lang.ClassLoader.loadClass(ClassLoader.java:418) ~[?:1.8.0_421]
	at sun.misc.Launcher$AppClassLoader.loadClass(Launcher.java:359) ~[?:1.8.0_421]
	at java.lang.ClassLoader.loadClass(ClassLoader.java:351) ~[?:1.8.0_421]
	at net.minecraft.launchwrapper.LaunchClassLoader.findClass(LaunchClassLoader.java:106) ~[launchwrapper-1.12.jar:?]
	at java.lang.ClassLoader.loadClass(ClassLoader.java:418) ~[?:1.8.0_421]
	at java.lang.ClassLoader.loadClass(ClassLoader.java:351) ~[?:1.8.0_421]
	at java.lang.Class.forName0(Native Method) ~[?:1.8.0_421]
	at java.lang.Class.forName(Class.java:348) ~[?:1.8.0_421]
	at net.minecraft.launchwrapper.Launch.launch(Launch.java:98) [launchwrapper-1.12.jar:?]
	at net.minecraft.launchwrapper.Launch.main(Launch.java:28) [launchwrapper-1.12.jar:?]
[10:33:58] [main/INFO] [LaunchWrapper]: Loading tweak class name cpw.mods.fml.common.launcher.FMLClientHandler
[10:33:58] [main/ERROR] [LaunchWrapper]: Unable to launch
java.lang.ClassNotFoundException: cpw.mods.fml.common.launcher.FMLClientHandler
	at java.net.URLClassLoader.findClass(URLClassLoader.java:387) ~[?:1.8.0_421]
	at java.lang.ClassLoader.loadClass(ClassLoader.java:418) ~[?:1.8.0_421]
	at sun.misc.Launcher$AppClassLoader.loadClass(Launcher.java:359) ~[?:1.8.0_421]
	at java.lang.ClassLoader.loadClass(ClassLoader.java:351) ~[?:1.8.0_421]
	at net.minecraft.launchwrapper.LaunchClassLoader.findClass(LaunchClassLoader.java:106) ~[launchwrapper-1.12.jar:?]
	at java.lang.ClassLoader.loadClass(ClassLoader.java:418) ~[?:1.8.0_421]
	at java.lang.ClassLoader.loadClass(ClassLoader.java:351) ~[?:1.8.0_421]
	at java.lang.Class.forName0(Native Method) ~[?:1.8.0_421]
	at java.lang.Class.forName(Class.java:348) ~[?:1.8.0_421]
	at net.minecraft.launchwrapper.Launch.launch(Launch.java:98) [launchwrapper-1.12.jar:?]
	at net.minecraft.launchwrapper.Launch.main(Launch.java:28) [launchwrapper-1.12.jar:?]
[10:36:07] [main/INFO] [LaunchWrapper]: Loading tweak class name cpw.mods.fml.common.launcher.FMLClientHandler
[10:36:07] [main/ERROR] [LaunchWrapper]: Unable to launch
java.lang.ClassNotFoundException: cpw.mods.fml.common.launcher.FMLClientHandler
	at java.net.URLClassLoader.findClass(URLClassLoader.java:387) ~[?:1.8.0_421]
	at java.lang.ClassLoader.loadClass(ClassLoader.java:418) ~[?:1.8.0_421]
	at sun.misc.Launcher$AppClassLoader.loadClass(Launcher.java:359) ~[?:1.8.0_421]
	at java.lang.ClassLoader.loadClass(ClassLoader.java:351) ~[?:1.8.0_421]
	at net.minecraft.launchwrapper.LaunchClassLoader.findClass(LaunchClassLoader.java:106) ~[launchwrapper-1.12.jar:?]
	at java.lang.ClassLoader.loadClass(ClassLoader.java:418) ~[?:1.8.0_421]
	at java.lang.ClassLoader.loadClass(ClassLoader.java:351) ~[?:1.8.0_421]
	at java.lang.Class.forName0(Native Method) ~[?:1.8.0_421]
	at java.lang.Class.forName(Class.java:348) ~[?:1.8.0_421]
	at net.minecraft.launchwrapper.Launch.launch(Launch.java:98) [launchwrapper-1.12.jar:?]
	at net.minecraft.launchwrapper.Launch.main(Launch.java:28) [launchwrapper-1.12.jar:?]
[10:38:51] [main/INFO] [LaunchWrapper]: Loading tweak class name cpw.mods.fml.common.launcher.FMLClientHandler
[10:38:51] [main/ERROR] [LaunchWrapper]: Unable to launch
java.lang.ClassNotFoundException: cpw.mods.fml.common.launcher.FMLClientHandler
	at java.net.URLClassLoader.findClass(URLClassLoader.java:387) ~[?:1.8.0_421]
	at java.lang.ClassLoader.loadClass(ClassLoader.java:418) ~[?:1.8.0_421]
	at sun.misc.Launcher$AppClassLoader.loadClass(Launcher.java:359) ~[?:1.8.0_421]
	at java.lang.ClassLoader.loadClass(ClassLoader.java:351) ~[?:1.8.0_421]
	at net.minecraft.launchwrapper.LaunchClassLoader.findClass(LaunchClassLoader.java:106) ~[launchwrapper-1.12.jar:?]
	at java.lang.ClassLoader.loadClass(ClassLoader.java:418) ~[?:1.8.0_421]
	at java.lang.ClassLoader.loadClass(ClassLoader.java:351) ~[?:1.8.0_421]
	at java.lang.Class.forName0(Native Method) ~[?:1.8.0_421]
	at java.lang.Class.forName(Class.java:348) ~[?:1.8.0_421]
	at net.minecraft.launchwrapper.Launch.launch(Launch.java:98) [launchwrapper-1.12.jar:?]
	at net.minecraft.launchwrapper.Launch.main(Launch.java:28) [launchwrapper-1.12.jar:?]
[10:39:01] [main/INFO] [LaunchWrapper]: Loading tweak class name cpw.mods.fml.common.launcher.FMLClientHandler
[10:39:01] [main/ERROR] [LaunchWrapper]: Unable to launch
java.lang.ClassNotFoundException: cpw.mods.fml.common.launcher.FMLClientHandler
	at java.net.URLClassLoader.findClass(URLClassLoader.java:387) ~[?:1.8.0_421]
	at java.lang.ClassLoader.loadClass(ClassLoader.java:418) ~[?:1.8.0_421]
	at sun.misc.Launcher$AppClassLoader.loadClass(Launcher.java:359) ~[?:1.8.0_421]
	at java.lang.ClassLoader.loadClass(ClassLoader.java:351) ~[?:1.8.0_421]
	at net.minecraft.launchwrapper.LaunchClassLoader.findClass(LaunchClassLoader.java:106) ~[launchwrapper-1.12.jar:?]
	at java.lang.ClassLoader.loadClass(ClassLoader.java:418) ~[?:1.8.0_421]
	at java.lang.ClassLoader.loadClass(ClassLoader.java:351) ~[?:1.8.0_421]
	at java.lang.Class.forName0(Native Method) ~[?:1.8.0_421]
	at java.lang.Class.forName(Class.java:348) ~[?:1.8.0_421]
	at net.minecraft.launchwrapper.Launch.launch(Launch.java:98) [launchwrapper-1.12.jar:?]
	at net.minecraft.launchwrapper.Launch.main(Launch.java:28) [launchwrapper-1.12.jar:?]
[10:39:41] [main/INFO] [LaunchWrapper]: Loading tweak class name cpw.mods.fml.common.launcher.FMLClientHandler
[10:39:41] [main/ERROR] [LaunchWrapper]: Unable to launch
java.lang.ClassNotFoundException: cpw.mods.fml.common.launcher.FMLClientHandler
	at java.net.URLClassLoader.findClass(URLClassLoader.java:387) ~[?:1.8.0_421]
	at java.lang.ClassLoader.loadClass(ClassLoader.java:418) ~[?:1.8.0_421]
	at java.lang.ClassLoader.loadClass(ClassLoader.java:351) ~[?:1.8.0_421]
	at net.minecraft.launchwrapper.LaunchClassLoader.findClass(LaunchClassLoader.java:106) ~[launchwrapper-1.12.jar:?]
	at java.lang.ClassLoader.loadClass(ClassLoader.java:418) ~[?:1.8.0_421]
	at java.lang.ClassLoader.loadClass(ClassLoader.java:351) ~[?:1.8.0_421]
	at java.lang.Class.forName0(Native Method) ~[?:1.8.0_421]
	at java.lang.Class.forName(Class.java:348) ~[?:1.8.0_421]
	at net.minecraft.launchwrapper.Launch.launch(Launch.java:98) [launchwrapper-1.12.jar:?]
	at net.minecraft.launchwrapper.Launch.main(Launch.java:28) [launchwrapper-1.12.jar:?]
	at sun.reflect.NativeMethodAccessorImpl.invoke0(Native Method) ~[?:1.8.0_421]
	at sun.reflect.NativeMethodAccessorImpl.invoke(NativeMethodAccessorImpl.java:62) ~[?:1.8.0_421]
	at sun.reflect.DelegatingMethodAccessorImpl.invoke(DelegatingMethodAccessorImpl.java:43) ~[?:1.8.0_421]
	at java.lang.reflect.Method.invoke(Method.java:498) ~[?:1.8.0_421]
	at com.intellij.rt.execution.CommandLineWrapper.main(CommandLineWrapper.java:65) [idea_rt.jar:?]
[11:01:05] [main/INFO] [LaunchWrapper]: Loading tweak class name cpw.mods.fml.common.launcher.FMLClientHandler
[11:01:05] [main/ERROR] [LaunchWrapper]: Unable to launch
java.lang.ClassNotFoundException: cpw.mods.fml.common.launcher.FMLClientHandler
	at java.net.URLClassLoader.findClass(URLClassLoader.java:387) ~[?:1.8.0_421]
	at java.lang.ClassLoader.loadClass(ClassLoader.java:418) ~[?:1.8.0_421]
	at sun.misc.Launcher$AppClassLoader.loadClass(Launcher.java:359) ~[?:1.8.0_421]
	at java.lang.ClassLoader.loadClass(ClassLoader.java:351) ~[?:1.8.0_421]
	at net.minecraft.launchwrapper.LaunchClassLoader.findClass(LaunchClassLoader.java:106) ~[launchwrapper-1.12.jar:?]
	at java.lang.ClassLoader.loadClass(ClassLoader.java:418) ~[?:1.8.0_421]
	at java.lang.ClassLoader.loadClass(ClassLoader.java:351) ~[?:1.8.0_421]
	at java.lang.Class.forName0(Native Method) ~[?:1.8.0_421]
	at java.lang.Class.forName(Class.java:348) ~[?:1.8.0_421]
	at net.minecraft.launchwrapper.Launch.launch(Launch.java:98) [launchwrapper-1.12.jar:?]
	at net.minecraft.launchwrapper.Launch.main(Launch.java:28) [launchwrapper-1.12.jar:?]
[11:02:30] [main/INFO] [LaunchWrapper]: Loading tweak class name cpw.mods.fml.common.launcher.FMLClientHandler
[11:02:30] [main/ERROR] [LaunchWrapper]: Unable to launch
java.lang.ClassNotFoundException: cpw.mods.fml.common.launcher.FMLClientHandler
	at java.net.URLClassLoader.findClass(URLClassLoader.java:387) ~[?:1.8.0_421]
	at java.lang.ClassLoader.loadClass(ClassLoader.java:418) ~[?:1.8.0_421]
	at sun.misc.Launcher$AppClassLoader.loadClass(Launcher.java:359) ~[?:1.8.0_421]
	at java.lang.ClassLoader.loadClass(ClassLoader.java:351) ~[?:1.8.0_421]
	at net.minecraft.launchwrapper.LaunchClassLoader.findClass(LaunchClassLoader.java:106) ~[launchwrapper-1.12.jar:?]
	at java.lang.ClassLoader.loadClass(ClassLoader.java:418) ~[?:1.8.0_421]
	at java.lang.ClassLoader.loadClass(ClassLoader.java:351) ~[?:1.8.0_421]
	at java.lang.Class.forName0(Native Method) ~[?:1.8.0_421]
	at java.lang.Class.forName(Class.java:348) ~[?:1.8.0_421]
	at net.minecraft.launchwrapper.Launch.launch(Launch.java:98) [launchwrapper-1.12.jar:?]
	at net.minecraft.launchwrapper.Launch.main(Launch.java:28) [launchwrapper-1.12.jar:?]
[11:03:06] [main/INFO] [LaunchWrapper]: Loading tweak class name cpw.mods.fml.common.launcher.FMLClientHandler
[11:03:06] [main/ERROR] [LaunchWrapper]: Unable to launch
java.lang.ClassNotFoundException: cpw.mods.fml.common.launcher.FMLClientHandler
	at java.net.URLClassLoader.findClass(URLClassLoader.java:387) ~[?:1.8.0_421]
	at java.lang.ClassLoader.loadClass(ClassLoader.java:418) ~[?:1.8.0_421]
	at sun.misc.Launcher$AppClassLoader.loadClass(Launcher.java:359) ~[?:1.8.0_421]
	at java.lang.ClassLoader.loadClass(ClassLoader.java:351) ~[?:1.8.0_421]
	at net.minecraft.launchwrapper.LaunchClassLoader.findClass(LaunchClassLoader.java:106) ~[launchwrapper-1.12.jar:?]
	at java.lang.ClassLoader.loadClass(ClassLoader.java:418) ~[?:1.8.0_421]
	at java.lang.ClassLoader.loadClass(ClassLoader.java:351) ~[?:1.8.0_421]
	at java.lang.Class.forName0(Native Method) ~[?:1.8.0_421]
	at java.lang.Class.forName(Class.java:348) ~[?:1.8.0_421]
	at net.minecraft.launchwrapper.Launch.launch(Launch.java:98) [launchwrapper-1.12.jar:?]
	at net.minecraft.launchwrapper.Launch.main(Launch.java:28) [launchwrapper-1.12.jar:?]
